<?xml version="1.0" encoding="UTF-8"?>
<coverage generated="1475607014">
  <project timestamp="1475607014">
    <package name="Ecfectus\Manager">
      <file name="/Users/leemason/ecfectus/manager/src/Manager.php">
        <class name="Manager" namespace="Ecfectus\Manager">
          <metrics complexity="9" methods="5" coveredmethods="5" conditionals="0" coveredconditionals="0" statements="14" coveredstatements="14" elements="19" coveredelements="19"/>
        </class>
        <line num="37" type="method" name="driver" visibility="public" complexity="2" crap="2" count="4"/>
        <line num="39" type="stmt" count="4"/>
        <line num="41" type="stmt" count="4"/>
        <line num="42" type="stmt" count="4"/>
        <line num="44" type="stmt" count="3"/>
        <line num="53" type="method" name="createDriver" visibility="private" complexity="3" crap="3" count="4"/>
        <line num="55" type="stmt" count="4"/>
        <line num="56" type="stmt" count="1"/>
        <line num="58" type="stmt" count="3"/>
        <line num="59" type="stmt" count="3"/>
        <line num="60" type="stmt" count="2"/>
        <line num="63" type="stmt" count="1"/>
        <line num="72" type="method" name="callCreator" visibility="protected" complexity="1" crap="1" count="1"/>
        <line num="74" type="stmt" count="1"/>
        <line num="84" type="method" name="extend" visibility="public" complexity="1" crap="1" count="1"/>
        <line num="86" type="stmt" count="1"/>
        <line num="87" type="stmt" count="1"/>
        <line num="97" type="method" name="__call" visibility="public" complexity="1" crap="1" count="1"/>
        <line num="99" type="stmt" count="1"/>
        <metrics loc="101" ncloc="52" classes="1" methods="5" coveredmethods="5" conditionals="0" coveredconditionals="0" statements="14" coveredstatements="14" elements="19" coveredelements="19"/>
      </file>
    </package>
    <metrics files="1" loc="101" ncloc="52" classes="1" methods="5" coveredmethods="5" conditionals="0" coveredconditionals="0" statements="14" coveredstatements="14" elements="19" coveredelements="19"/>
  </project>
</coverage>
