<?xml version="1.0" encoding="UTF-8"?>
<coverage generated="1475608222">
  <project timestamp="1475608222">
    <package name="Ecfectus\Manager">
      <file name="/Users/leemason/ecfectus/manager/src/Manager.php">
        <class name="Manager" namespace="Ecfectus\Manager">
          <metrics complexity="12" methods="5" coveredmethods="5" conditionals="0" coveredconditionals="0" statements="20" coveredstatements="20" elements="25" coveredelements="25"/>
        </class>
        <line num="44" type="method" name="driver" visibility="public" complexity="4" crap="4" count="5"/>
        <line num="46" type="stmt" count="5"/>
        <line num="48" type="stmt" count="5"/>
        <line num="49" type="stmt" count="5"/>
        <line num="50" type="stmt" count="4"/>
        <line num="51" type="stmt" count="4"/>
        <line num="53" type="stmt" count="4"/>
        <line num="54" type="stmt" count="4"/>
        <line num="55" type="stmt" count="4"/>
        <line num="59" type="stmt" count="3"/>
        <line num="61" type="stmt" count="3"/>
        <line num="70" type="method" name="createDriver" visibility="private" complexity="3" crap="3" count="5"/>
        <line num="72" type="stmt" count="5"/>
        <line num="73" type="stmt" count="1"/>
        <line num="75" type="stmt" count="4"/>
        <line num="76" type="stmt" count="4"/>
        <line num="77" type="stmt" count="3"/>
        <line num="80" type="stmt" count="1"/>
        <line num="89" type="method" name="callCreator" visibility="protected" complexity="1" crap="1" count="1"/>
        <line num="91" type="stmt" count="1"/>
        <line num="101" type="method" name="extend" visibility="public" complexity="1" crap="1" count="1"/>
        <line num="103" type="stmt" count="1"/>
        <line num="104" type="stmt" count="1"/>
        <line num="114" type="method" name="__call" visibility="public" complexity="1" crap="1" count="1"/>
        <line num="116" type="stmt" count="1"/>
        <metrics loc="118" ncloc="64" classes="1" methods="5" coveredmethods="5" conditionals="0" coveredconditionals="0" statements="20" coveredstatements="20" elements="25" coveredelements="25"/>
      </file>
    </package>
    <metrics files="1" loc="118" ncloc="64" classes="1" methods="5" coveredmethods="5" conditionals="0" coveredconditionals="0" statements="20" coveredstatements="20" elements="25" coveredelements="25"/>
  </project>
</coverage>
